<?xml version="1.0" encoding="UTF-8"?>
<!-- Generated by org.testng.reporters.JUnitReportReporter -->
<testsuite skipped="0" hostname="MININT-HAVGISG" name="com.cucumber.runners.CukesRunner" tests="2" failures="0" timestamp="09 Sep 2018 09:21:50 GMT" time="101.414" errors="0">
  <testcase name="feature" time="54.554" classname="com.cucumber.runners.CukesRunner"/>
  <testcase name="feature" time="46.860" classname="com.cucumber.runners.CukesRunner"/>
</testsuite> <!-- com.cucumber.runners.CukesRunner -->
